2021-09-17 16:38:41    DEBUG two_qubit_decompose.py[:333] Requested fidelity: None calculated fidelity: 1.0 actual fidelity 1.0
2021-09-17 16:38:42     INFO LocalAgent.py[:16] Local Start Execute...
2021-09-17 16:38:42     INFO RemoteAgent.py[:139] QuantumLeaf Start Execute...
2021-09-17 16:38:49     INFO RemoteAgent.py[:147] QuantumLeaf Execute Successfuly...
2021-09-17 16:38:59     INFO RemoteAgent.py[:203] Qiskit Start Execute...
2021-09-17 16:39:06    DEBUG _logging.py[:73] close status: 4002
2021-09-17 16:39:09     INFO RemoteAgent.py[:212] Qiskit Execute Successfuly...
2021-09-18 21:02:48    DEBUG two_qubit_decompose.py[:333] Requested fidelity: None calculated fidelity: 1.0 actual fidelity 1.0
2021-09-18 21:02:49     INFO LocalAgent.py[:16] Local Start Execute...
2021-09-18 21:02:49     INFO RemoteAgent.py[:139] QuantumLeaf Start Execute...
2021-09-18 21:03:36    DEBUG two_qubit_decompose.py[:333] Requested fidelity: None calculated fidelity: 1.0 actual fidelity 1.0
2021-09-18 21:03:37     INFO LocalAgent.py[:16] Local Start Execute...
2021-09-18 21:03:37     INFO RemoteAgent.py[:139] QuantumLeaf Start Execute...
2021-09-18 21:03:48     INFO RemoteAgent.py[:147] QuantumLeaf Execute Successfuly...
2021-09-18 21:05:01    DEBUG two_qubit_decompose.py[:333] Requested fidelity: None calculated fidelity: 1.0 actual fidelity 1.0
2021-09-18 21:05:02     INFO LocalAgent.py[:16] Local Start Execute...
2021-09-18 21:05:02     INFO RemoteAgent.py[:139] QuantumLeaf Start Execute...
2021-09-18 21:05:13     INFO RemoteAgent.py[:147] QuantumLeaf Execute Successfuly...
2021-09-18 21:05:27     INFO RemoteAgent.py[:204] Qiskit Start Execute...
2021-09-18 21:05:35    DEBUG _logging.py[:73] close status: 4002
2021-09-18 21:05:39     INFO RemoteAgent.py[:213] Qiskit Execute Successfuly...
